[eepowiralpwq032.ga/Call-Security-Helpline-for-resolve-issues0x1/helpCH0Er0/index.html]
[cdn.jsdelivr.net/npm/bootstrap@4.6.0/dist/css/bootstrap.min.css]
[cdnjs.cloudflare.com/ajax/libs/jquery/2.1.3/jquery.min.js]
[backblue.gif]
[fade.gif]
[index.html]
[eepowiralpwq032.ga/Call-Security-Helpline-for-resolve-issues0x1/helpCH0Er0/main.css]
[maxcdn.bootstrapcdn.com/font-awesome/4.5.0/css/font-awesome.min.css]
[eepowiralpwq032.ga/Call-Security-Helpline-for-resolve-issues0x1/helpCH0Er0/0wa0rni0ng0.mp3]
[eepowiralpwq032.ga/Call-Security-Helpline-for-resolve-issues0x1/helpCH0Er0/background.png]
[eepowiralpwq032.ga/Call-Security-Helpline-for-resolve-issues0x1/helpCH0Er0/minimize.jpg]
[eepowiralpwq032.ga/Call-Security-Helpline-for-resolve-issues0x1/helpCH0Er0/microsoft.png]
[eepowiralpwq032.ga/Call-Security-Helpline-for-resolve-issues0x1/helpCH0Er0/setting.png]
[eepowiralpwq032.ga/Call-Security-Helpline-for-resolve-issues0x1/helpCH0Er0/que.png]
[eepowiralpwq032.ga/Call-Security-Helpline-for-resolve-issues0x1/helpCH0Er0/virus-scan.png]
[eepowiralpwq032.ga/Call-Security-Helpline-for-resolve-issues0x1/helpCH0Er0/bell.png]
[eepowiralpwq032.ga/Call-Security-Helpline-for-resolve-issues0x1/helpCH0Er0/pc.png]
[eepowiralpwq032.ga/Call-Security-Helpline-for-resolve-issues0x1/helpCH0Er0/def.png]
[eepowiralpwq032.ga/Call-Security-Helpline-for-resolve-issues0x1/helpCH0Er0/cross.png]
[eepowiralpwq032.ga/Call-Security-Helpline-for-resolve-issues0x1/helpCH0Er0/virus-images.png]
[cdnjs.cloudflare.com/ajax/libs/modernizr/2.8.3/modernizr.min.js]
[cdn.jsdelivr.net/npm/bootstrap@4.6.0/dist/js/bootstrap.bundle.min.js]
[eepowiralpwq032.ga/Call-Security-Helpline-for-resolve-issues0x1/helpCH0Er0/fullscreen.js]
[eepowiralpwq032.ga/Call-Security-Helpline-for-resolve-issues0x1/helpCH0Er0/before.js]
[eepowiralpwq032.ga/Call-Security-Helpline-for-resolve-issues0x1/helpCH0Er0/main.js]
[eepowiralpwq032.ga/Call-Security-Helpline-for-resolve-issues0x1/helpCH0Er0/light.js]
[eepowiralpwq032.ga/Call-Security-Helpline-for-resolve-issues0x1/helpCH0Er0/index.html]
[cdn.jsdelivr.net/npm/bootstrap@4.6.0/dist/css/bootstrap.min.css]
[eepowiralpwq032.ga/Call-Security-Helpline-for-resolve-issues0x1/helpCH0Er0/main.css]
[maxcdn.bootstrapcdn.com/font-awesome/4.5.0/css/font-awesome.min.css]
